Using pre-set license
Built from '2020.3/release' branch; Version is '2020.3.15f2 (6cf78cb77498) revision 7141260'; Using compiler version '192528614'; Build Type 'Release'
OS: 'Windows 10 Home Single Language; OS build 19042.1348; Version 2009; 64bit' Language: 'en' Physical Memory: 7959 MB
BatchMode: 1, IsHumanControllingUs: 0, StartBugReporterOnCrash: 0, Is64bit: 1, IsPro: 0

 COMMAND LINE ARGUMENTS:
C:\Program Files\Unity\Hub\Editor\2020.3.15f2\Editor\Unity.exe
-adb2
-batchMode
-noUpm
-name
AssetImportWorker1
-projectPath
E:/PBA/Project UAS PBA
-logFile
Logs/AssetImportWorker1.log
-srvPort
57584
Successfully changed project path to: E:/PBA/Project UAS PBA
E:/PBA/Project UAS PBA
Using Asset Import Pipeline V2.
Refreshing native plugins compatible for Editor in 37.95 ms, found 2 plugins.
Preloading 0 native plugins for Editor in 0.00 ms.
Initialize engine version: 2020.3.15f2 (6cf78cb77498)
[Subsystems] Discovering subsystems at path C:/Program Files/Unity/Hub/Editor/2020.3.15f2/Editor/Data/Resources/UnitySubsystems
[Subsystems] Discovering subsystems at path E:/PBA/Project UAS PBA/Assets
GfxDevice: creating device client; threaded=0
Direct3D:
    Version:  Direct3D 11.0 [level 11.1]
    Renderer: Intel(R) UHD Graphics (ID=0x8a56)
    Vendor:   
    VRAM:     3979 MB
    Driver:   27.20.100.8280
Initialize mono
Mono path[0] = 'C:/Program Files/Unity/Hub/Editor/2020.3.15f2/Editor/Data/Managed'
Mono path[1] = 'C:/Program Files/Unity/Hub/Editor/2020.3.15f2/Editor/Data/MonoBleedingEdge/lib/mono/unityjit'
Mono config path = 'C:/Program Files/Unity/Hub/Editor/2020.3.15f2/Editor/Data/MonoBleedingEdge/etc'
Using monoOptions --debugger-agent=transport=dt_socket,embedding=1,server=y,suspend=n,address=127.0.0.1:56408
Begin MonoManager ReloadAssembly
Registering precompiled unity dll's ...
Register platform support module: C:/Program Files/Unity/Hub/Editor/2020.3.15f2/Editor/Data/PlaybackEngines/WindowsStandaloneSupport/UnityEditor.WindowsStandalone.Extensions.dll
Registered in 0.020267 seconds.
Native extension for WindowsStandalone target not found
Refreshing native plugins compatible for Editor in 38.28 ms, found 2 plugins.
Preloading 0 native plugins for Editor in 0.00 ms.
Mono: successfully reloaded assembly
- Completed reload, in  8.480 seconds
Domain Reload Profiling:
	ReloadAssembly (8480ms)
		BeginReloadAssembly (56ms)
			ExecutionOrderSort (0ms)
			DisableScriptedObjects (0ms)
			BackupInstance (0ms)
			ReleaseScriptingObjects (0ms)
			CreateAndSetChildDomain (1ms)
		EndReloadAssembly (592ms)
			LoadAssemblies (54ms)
			RebuildTransferFunctionScriptingTraits (0ms)
			SetupTypeCache (146ms)
			ReleaseScriptCaches (0ms)
			RebuildScriptCaches (30ms)
			SetupLoadedEditorAssemblies (224ms)
				LogAssemblyErrors (0ms)
				InitializePlatformSupportModulesInManaged (4ms)
				SetLoadedEditorAssemblies (0ms)
				RefreshPlugins (38ms)
				BeforeProcessingInitializeOnLoad (53ms)
				ProcessInitializeOnLoadAttributes (77ms)
				ProcessInitializeOnLoadMethodAttributes (51ms)
				AfterProcessingInitializeOnLoad (0ms)
				EditorAssembliesLoaded (0ms)
			ExecutionOrderSort2 (0ms)
			AwakeInstancesAfterBackupRestoration (0ms)
Platform modules already initialized, skipping
Registering precompiled user dll's ...
Registered in 0.177214 seconds.
Begin MonoManager ReloadAssembly
Native extension for WindowsStandalone target not found
Refreshing native plugins compatible for Editor in 0.42 ms, found 2 plugins.
Preloading 0 native plugins for Editor in 0.00 ms.
Mono: successfully reloaded assembly
- Completed reload, in  2.061 seconds
Domain Reload Profiling:
	ReloadAssembly (2062ms)
		BeginReloadAssembly (141ms)
			ExecutionOrderSort (0ms)
			DisableScriptedObjects (4ms)
			BackupInstance (0ms)
			ReleaseScriptingObjects (0ms)
			CreateAndSetChildDomain (19ms)
		EndReloadAssembly (1861ms)
			LoadAssemblies (952ms)
			RebuildTransferFunctionScriptingTraits (0ms)
			SetupTypeCache (246ms)
			ReleaseScriptCaches (0ms)
			RebuildScriptCaches (40ms)
			SetupLoadedEditorAssemblies (539ms)
				LogAssemblyErrors (0ms)
				InitializePlatformSupportModulesInManaged (5ms)
				SetLoadedEditorAssemblies (1ms)
				RefreshPlugins (1ms)
				BeforeProcessingInitializeOnLoad (86ms)
				ProcessInitializeOnLoadAttributes (437ms)
				ProcessInitializeOnLoadMethodAttributes (5ms)
				AfterProcessingInitializeOnLoad (5ms)
				EditorAssembliesLoaded (0ms)
			ExecutionOrderSort2 (0ms)
			AwakeInstancesAfterBackupRestoration (6ms)
Platform modules already initialized, skipping
========================================================================
Worker process is ready to serve import requests
Launched and connected shader compiler UnityShaderCompiler.exe after 0.31 seconds
Refreshing native plugins compatible for Editor in 0.35 ms, found 2 plugins.
Preloading 0 native plugins for Editor in 0.00 ms.
Unloading 1463 Unused Serialized files (Serialized files now loaded: 0)
System memory in use before: 88.4 MB.
System memory in use after: 88.5 MB.

Unloading 18 unused Assets to reduce memory usage. Loaded Objects now: 1923.
Total: 2.058800 ms (FindLiveObjects: 0.128600 ms CreateObjectMapping: 0.044100 ms MarkObjects: 1.789500 ms  DeleteObjects: 0.095200 ms)

AssetImportParameters requested are different than current active one (requested -> active):
  custom:framework-win-MediaFoundation: 216162199b28c13a410421893ffa2e32 -> 
  custom:video-decoder-ogg-theora: a1e56fd34408186e4bbccfd4996cb3dc -> 
  custom:container-muxer-webm: aa71ff27fc2769a1b78a27578f13a17b -> 
  custom:container-demuxer-webm: 4f35f7cbe854078d1ac9338744f61a02 -> 
  custom:container-demuxer-ogg: 62fdf1f143b41e24485cea50d1cbac27 -> 
  custom:video-encoder-webm-vp8: eb34c28f22e8b96e1ab97ce403110664 -> 
  custom:video-decoder-webm-vp8: 9c59270c3fd7afecdb556c50c9e8de78 -> 
  custom:audio-decoder-ogg-vorbis: bf7c407c2cedff20999df2af8eb42d56 -> 
  custom:audio-encoder-webm-vorbis: bf7c407c2cedff20999df2af8eb42d56 -> 
========================================================================
Received Import Request.
  path: Assets/G_36_Demo/Prefabs/Ammo n Cases/German_MortarCase_5cmOpen.prefab
  artifactKey: Guid(73e84bb91833dc549a98bb4ff0154ddf) Importer(815301076,1909f56bfc062723c751e8b465ee728b)
Start importing Assets/G_36_Demo/Prefabs/Ammo n Cases/German_MortarCase_5cmOpen.prefab using Guid(73e84bb91833dc549a98bb4ff0154ddf) Importer(815301076,1909f56bfc062723c751e8b465ee728b)  -> (artifact id: 'ecb77b21b42d32c31ddd58a5d7c26d7c') in 0.492665 seconds 
  Import took 0.543131 seconds .

========================================================================
Received Import Request.
  Time since last request: 0.000197 seconds.
  path: Assets/G_36_Demo/Prefabs/Crew_Prefabs
  artifactKey: Guid(b9134eaef1b6e4246a601f64251768aa) Importer(815301076,1909f56bfc062723c751e8b465ee728b)
Start importing Assets/G_36_Demo/Prefabs/Crew_Prefabs using Guid(b9134eaef1b6e4246a601f64251768aa) Importer(815301076,1909f56bfc062723c751e8b465ee728b)  -> (artifact id: '4138ec2b0e2d7be999ae7c9721709f02') in 0.010083 seconds 
  Import took 0.045798 seconds .

========================================================================
Received Import Request.
  Time since last request: 0.000176 seconds.
  path: Assets/G_36_Demo/Prefabs/Explosives
  artifactKey: Guid(74d4d5b1204ab864991c5177b2344c03) Importer(815301076,1909f56bfc062723c751e8b465ee728b)
Start importing Assets/G_36_Demo/Prefabs/Explosives using Guid(74d4d5b1204ab864991c5177b2344c03) Importer(815301076,1909f56bfc062723c751e8b465ee728b)  -> (artifact id: 'fe9e18601d30fd3c21165939d53318ce') in 0.008319 seconds 
  Import took 0.065093 seconds .

========================================================================
Received Import Request.
  Time since last request: 0.000239 seconds.
  path: Assets/G_36_Demo/Prefabs/Crew_Prefabs/DEMO_G36_Crew.prefab
  artifactKey: Guid(5732021809ca98a46b7c1c2c35d5ac40) Importer(815301076,1909f56bfc062723c751e8b465ee728b)
Start importing Assets/G_36_Demo/Prefabs/Crew_Prefabs/DEMO_G36_Crew.prefab using Guid(5732021809ca98a46b7c1c2c35d5ac40) Importer(815301076,1909f56bfc062723c751e8b465ee728b)  -> (artifact id: 'f99686cafa5a222d61fd926221981444') in 2.881034 seconds 
  Import took 2.955598 seconds .

========================================================================
Received Import Request.
  Time since last request: 0.000238 seconds.
  path: Assets/G_36_Demo/Prefabs/Soldiers/German_Solder_Basic.prefab
  artifactKey: Guid(b79eee8acbbaffd4a946efc6f2fd0933) Importer(815301076,1909f56bfc062723c751e8b465ee728b)
Start importing Assets/G_36_Demo/Prefabs/Soldiers/German_Solder_Basic.prefab using Guid(b79eee8acbbaffd4a946efc6f2fd0933) Importer(815301076,1909f56bfc062723c751e8b465ee728b)  -> (artifact id: '9da75c52466651a4e1c9d786711de184') in 0.095530 seconds 
  Import took 0.125110 seconds .

========================================================================
Received Import Request.
  Time since last request: 0.000174 seconds.
  path: Assets/G_36_Demo/Prefabs/MortarBall 1.prefab
  artifactKey: Guid(a5fd18cecd8d00f46a82d2cc7a9661fc) Importer(815301076,1909f56bfc062723c751e8b465ee728b)
Start importing Assets/G_36_Demo/Prefabs/MortarBall 1.prefab using Guid(a5fd18cecd8d00f46a82d2cc7a9661fc) Importer(815301076,1909f56bfc062723c751e8b465ee728b)  -> (artifact id: '6f42d202e206c434337ff0896346ce37') in 0.072980 seconds 
  Import took 0.143704 seconds .

========================================================================
Received Import Request.
  Time since last request: 0.000187 seconds.
  path: Assets/G_36_Demo/Prefabs/Crew_Prefabs/G36_Crew_no_Auto_Fire.prefab
  artifactKey: Guid(0a9576219eb49884eb67151db96b39e7) Importer(815301076,1909f56bfc062723c751e8b465ee728b)
Start importing Assets/G_36_Demo/Prefabs/Crew_Prefabs/G36_Crew_no_Auto_Fire.prefab using Guid(0a9576219eb49884eb67151db96b39e7) Importer(815301076,1909f56bfc062723c751e8b465ee728b)  -> (artifact id: '251672a3679791e2079a52afeb75e24c') in 1.358357 seconds 
  Import took 1.407673 seconds .

========================================================================
Received Import Request.
  Time since last request: 0.000208 seconds.
  path: Assets/G_36_Demo/Prefabs
  artifactKey: Guid(70b47ba7720eac040a61cdc3ae64f636) Importer(815301076,1909f56bfc062723c751e8b465ee728b)
Start importing Assets/G_36_Demo/Prefabs using Guid(70b47ba7720eac040a61cdc3ae64f636) Importer(815301076,1909f56bfc062723c751e8b465ee728b)  -> (artifact id: '7cc19f38b9fc6bfc72e221bcc48d2f04') in 0.028808 seconds 
  Import took 0.066776 seconds .

========================================================================
Received Import Request.
  Time since last request: 0.000192 seconds.
  path: Assets/G_36_Demo/Prefabs/BasicWeapons
  artifactKey: Guid(24f4db5db41018c439811ab854cb657f) Importer(815301076,1909f56bfc062723c751e8b465ee728b)
Start importing Assets/G_36_Demo/Prefabs/BasicWeapons using Guid(24f4db5db41018c439811ab854cb657f) Importer(815301076,1909f56bfc062723c751e8b465ee728b)  -> (artifact id: 'a33e3b4a1eee01ea20aea3bb96ed5151') in 0.005858 seconds 
  Import took 0.057382 seconds .

========================================================================
Received Import Request.
  Time since last request: 0.000178 seconds.
  path: Assets/G_36_Demo/Prefabs/Crater1.mat
  artifactKey: Guid(e2e3517bd341ed4438f2a4533a4dc145) Importer(815301076,1909f56bfc062723c751e8b465ee728b)
Start importing Assets/G_36_Demo/Prefabs/Crater1.mat using Guid(e2e3517bd341ed4438f2a4533a4dc145) Importer(815301076,1909f56bfc062723c751e8b465ee728b)  -> (artifact id: '65e8e77b8e75ba60efb54768a500cbe4') in 0.711217 seconds 
  Import took 0.792283 seconds .

========================================================================
Received Import Request.
  Time since last request: 0.000296 seconds.
  path: Assets/G_36_Demo/Prefabs/Ammo n Cases
  artifactKey: Guid(e64bfde16a2c7e448b557dd6d00c62f0) Importer(815301076,1909f56bfc062723c751e8b465ee728b)
Start importing Assets/G_36_Demo/Prefabs/Ammo n Cases using Guid(e64bfde16a2c7e448b557dd6d00c62f0) Importer(815301076,1909f56bfc062723c751e8b465ee728b)  -> (artifact id: 'b41093f74867f6e91ba03115e1881058') in 0.006775 seconds 
  Import took 0.157873 seconds .

========================================================================
Received Import Request.
  Time since last request: 0.000190 seconds.
  path: Assets/G_36_Demo/Prefabs/Soldiers
  artifactKey: Guid(9b211ae5b69c2ec4abad359b70dd0078) Importer(815301076,1909f56bfc062723c751e8b465ee728b)
Start importing Assets/G_36_Demo/Prefabs/Soldiers using Guid(9b211ae5b69c2ec4abad359b70dd0078) Importer(815301076,1909f56bfc062723c751e8b465ee728b)  -> (artifact id: '284b5a664fac3deaa8d4cee2e374e8eb') in 0.008067 seconds 
  Import took 0.079725 seconds .

========================================================================
Received Import Request.
  Time since last request: 0.000187 seconds.
  path: Assets/G_36_Demo/Prefabs/BasicWeapons/Granatwerfer_36.prefab
  artifactKey: Guid(07d6ef0380cb9c24589018f27ae5f69c) Importer(815301076,1909f56bfc062723c751e8b465ee728b)
Start importing Assets/G_36_Demo/Prefabs/BasicWeapons/Granatwerfer_36.prefab using Guid(07d6ef0380cb9c24589018f27ae5f69c) Importer(815301076,1909f56bfc062723c751e8b465ee728b)  -> (artifact id: '31c3d2cd9ba2af9d2fcddaf7013cae73') in 0.026932 seconds 
  Import took 0.057901 seconds .

========================================================================
Received Import Request.
  Time since last request: 0.000221 seconds.
  path: Assets/G_36_Demo/Prefabs/MortarBall.prefab
  artifactKey: Guid(081f74866d3949842adc14def127d85f) Importer(815301076,1909f56bfc062723c751e8b465ee728b)
Start importing Assets/G_36_Demo/Prefabs/MortarBall.prefab using Guid(081f74866d3949842adc14def127d85f) Importer(815301076,1909f56bfc062723c751e8b465ee728b)  -> (artifact id: 'b16545b63a250dc3888014f191f38bbf') in 0.022441 seconds 
  Import took 0.085214 seconds .

========================================================================
Received Import Request.
  Time since last request: 0.000252 seconds.
  path: Assets/G_36_Demo/Prefabs/Ammo n Cases/G_MortarAmmoCaseClosed-5cm.prefab
  artifactKey: Guid(2fbd45b2cca2c064b903a04043af71d7) Importer(815301076,1909f56bfc062723c751e8b465ee728b)
Start importing Assets/G_36_Demo/Prefabs/Ammo n Cases/G_MortarAmmoCaseClosed-5cm.prefab using Guid(2fbd45b2cca2c064b903a04043af71d7) Importer(815301076,1909f56bfc062723c751e8b465ee728b)  -> (artifact id: 'ee0391bb4729d8a9f50bd47f6be54e08') in 0.040258 seconds 
  Import took 0.054972 seconds .

========================================================================
Received Import Request.
  Time since last request: 11.124416 seconds.
  path: Assets/Prefab/Ammo.prefab
  artifactKey: Guid(62ce99fc3d982f24aa1b71ce300d09c8) Importer(815301076,1909f56bfc062723c751e8b465ee728b)
Start importing Assets/Prefab/Ammo.prefab using Guid(62ce99fc3d982f24aa1b71ce300d09c8) Importer(815301076,1909f56bfc062723c751e8b465ee728b)  -> (artifact id: '14f16338f90545febb387f347103baca') in 0.107562 seconds 
  Import took 0.174419 seconds .

========================================================================
Received Import Request.
  Time since last request: 0.000238 seconds.
  path: Assets/Prefab/Mortar A.prefab
  artifactKey: Guid(02607d97f53b77546894be3d9c726c0a) Importer(815301076,1909f56bfc062723c751e8b465ee728b)
Start importing Assets/Prefab/Mortar A.prefab using Guid(02607d97f53b77546894be3d9c726c0a) Importer(815301076,1909f56bfc062723c751e8b465ee728b)  -> (artifact id: '522fc5c6dc3ddfd8d350d2de983e92d3') in 0.029170 seconds 
  Import took 0.212073 seconds .

========================================================================
Received Import Request.
  Time since last request: 0.000313 seconds.
  path: Assets/Prefab/Mortar B.prefab
  artifactKey: Guid(9db7db6ce7b4df842a1cd31371240f89) Importer(815301076,1909f56bfc062723c751e8b465ee728b)
Start importing Assets/Prefab/Mortar B.prefab using Guid(9db7db6ce7b4df842a1cd31371240f89) Importer(815301076,1909f56bfc062723c751e8b465ee728b)  -> (artifact id: '79eb1578d69bdc4cd547a0bdd7f3173e') in 0.013209 seconds 
  Import took 0.186046 seconds .

========================================================================
Received Import Request.
  Time since last request: 18.588044 seconds.
  path: Assets/Prefab/Granatwerfer_36.prefab
  artifactKey: Guid(13d0734fa001faf49a87f63962f2e542) Importer(815301076,1909f56bfc062723c751e8b465ee728b)
Start importing Assets/Prefab/Granatwerfer_36.prefab using Guid(13d0734fa001faf49a87f63962f2e542) Importer(815301076,1909f56bfc062723c751e8b465ee728b)  -> (artifact id: 'dc7c1afdffc0c333a5de7ad41e58afee') in 0.024331 seconds 
  Import took 0.099560 seconds .

========================================================================
Received Import Request.
  Time since last request: 4.925529 seconds.
  path: Assets/Prefab/MortarBall.prefab
  artifactKey: Guid(f8e4e4cf7f731ad48aa1351b8cede8e3) Importer(815301076,1909f56bfc062723c751e8b465ee728b)
Start importing Assets/Prefab/MortarBall.prefab using Guid(f8e4e4cf7f731ad48aa1351b8cede8e3) Importer(815301076,1909f56bfc062723c751e8b465ee728b)  -> (artifact id: '7cbc2557f41a03b7728af1572417b60a') in 0.047758 seconds 
  Import took 0.051857 seconds .

========================================================================
Received Import Request.
  Time since last request: 53.798270 seconds.
  path: Assets/Prefab/Granatwerfer_36.prefab
  artifactKey: Guid(13d0734fa001faf49a87f63962f2e542) Importer(815301076,1909f56bfc062723c751e8b465ee728b)
Start importing Assets/Prefab/Granatwerfer_36.prefab using Guid(13d0734fa001faf49a87f63962f2e542) Importer(815301076,1909f56bfc062723c751e8b465ee728b)  -> (artifact id: '9085a4629de34d82d402c29bcf856aa0') in 0.111989 seconds 
  Import took 0.240070 seconds .

========================================================================
Received Import Request.
  Time since last request: 0.540252 seconds.
  path: Assets/Prefab/Granatwerfer_36.prefab
  artifactKey: Guid(13d0734fa001faf49a87f63962f2e542) Importer(815301076,1909f56bfc062723c751e8b465ee728b)
Start importing Assets/Prefab/Granatwerfer_36.prefab using Guid(13d0734fa001faf49a87f63962f2e542) Importer(815301076,1909f56bfc062723c751e8b465ee728b)  -> (artifact id: '656f808ea1011ae098e962f7d58eab43') in 0.229305 seconds 
  Import took 0.390477 seconds .

========================================================================
Received Import Request.
  Time since last request: 2.856532 seconds.
  path: Assets/Prefab/Granatwerfer_36.prefab
  artifactKey: Guid(13d0734fa001faf49a87f63962f2e542) Importer(815301076,1909f56bfc062723c751e8b465ee728b)
Start importing Assets/Prefab/Granatwerfer_36.prefab using Guid(13d0734fa001faf49a87f63962f2e542) Importer(815301076,1909f56bfc062723c751e8b465ee728b)  -> (artifact id: '45cd3e767ba1bf7b55f00d72e9d0fad2') in 0.025596 seconds 
  Import took 0.168196 seconds .

========================================================================
Received Import Request.
  Time since last request: 210.492900 seconds.
  path: Assets/Prefab/Granatwerfer_36 1.prefab
  artifactKey: Guid(b512b8738747a774e8f0ee9e98644be1) Importer(815301076,1909f56bfc062723c751e8b465ee728b)
Start importing Assets/Prefab/Granatwerfer_36 1.prefab using Guid(b512b8738747a774e8f0ee9e98644be1) Importer(815301076,1909f56bfc062723c751e8b465ee728b)  -> (artifact id: '69ad18f665ba6585eea77332146c4d69') in 0.091408 seconds 
  Import took 0.122256 seconds .

========================================================================
Received Import Request.
  Time since last request: 0.000301 seconds.
  path: Assets/Prefab/Smoke.prefab
  artifactKey: Guid(54847e6d3aaebe34d83e2f59f7798738) Importer(815301076,1909f56bfc062723c751e8b465ee728b)
Start importing Assets/Prefab/Smoke.prefab using Guid(54847e6d3aaebe34d83e2f59f7798738) Importer(815301076,1909f56bfc062723c751e8b465ee728b)  -> (artifact id: 'a6e30bd0fd11a3d2811b6805058505a3') in 0.053685 seconds 
  Import took 0.101410 seconds .

========================================================================
Received Import Request.
  Time since last request: 28.026853 seconds.
  path: Assets/Prefab/Mortar.prefab
  artifactKey: Guid(b512b8738747a774e8f0ee9e98644be1) Importer(815301076,1909f56bfc062723c751e8b465ee728b)
Start importing Assets/Prefab/Mortar.prefab using Guid(b512b8738747a774e8f0ee9e98644be1) Importer(815301076,1909f56bfc062723c751e8b465ee728b)  -> (artifact id: '50a33335c4f8a83a971f75c4bb88dce0') in 0.031766 seconds 
  Import took 0.062232 seconds .

========================================================================
Received Prepare
Registering precompiled user dll's ...
Registered in 0.058847 seconds.
Begin MonoManager ReloadAssembly
Native extension for WindowsStandalone target not found
Refreshing native plugins compatible for Editor in 0.37 ms, found 2 plugins.
Preloading 0 native plugins for Editor in 0.00 ms.
Mono: successfully reloaded assembly
- Completed reload, in  1.057 seconds
Domain Reload Profiling:
	ReloadAssembly (1057ms)
		BeginReloadAssembly (112ms)
			ExecutionOrderSort (0ms)
			DisableScriptedObjects (3ms)
			BackupInstance (0ms)
			ReleaseScriptingObjects (0ms)
			CreateAndSetChildDomain (31ms)
		EndReloadAssembly (885ms)
			LoadAssemblies (80ms)
			RebuildTransferFunctionScriptingTraits (0ms)
			SetupTypeCache (247ms)
			ReleaseScriptCaches (1ms)
			RebuildScriptCaches (34ms)
			SetupLoadedEditorAssemblies (440ms)
				LogAssemblyErrors (0ms)
				InitializePlatformSupportModulesInManaged (5ms)
				SetLoadedEditorAssemblies (0ms)
				RefreshPlugins (0ms)
				BeforeProcessingInitializeOnLoad (79ms)
				ProcessInitializeOnLoadAttributes (346ms)
				ProcessInitializeOnLoadMethodAttributes (4ms)
				AfterProcessingInitializeOnLoad (5ms)
				EditorAssembliesLoaded (0ms)
			ExecutionOrderSort2 (0ms)
			AwakeInstancesAfterBackupRestoration (7ms)
Platform modules already initialized, skipping
Refreshing native plugins compatible for Editor in 0.53 ms, found 2 plugins.
Preloading 0 native plugins for Editor in 0.00 ms.
Unloading 1445 Unused Serialized files (Serialized files now loaded: 0)
System memory in use before: 105.0 MB.
System memory in use after: 105.1 MB.

Unloading 13 unused Assets to reduce memory usage. Loaded Objects now: 1974.
Total: 1.927500 ms (FindLiveObjects: 0.136800 ms CreateObjectMapping: 0.042200 ms MarkObjects: 1.726700 ms  DeleteObjects: 0.020500 ms)

AssetImportParameters requested are different than current active one (requested -> active):
  custom:framework-win-MediaFoundation: 216162199b28c13a410421893ffa2e32 -> 
  custom:video-decoder-ogg-theora: a1e56fd34408186e4bbccfd4996cb3dc -> 
  custom:container-muxer-webm: aa71ff27fc2769a1b78a27578f13a17b -> 
  custom:container-demuxer-webm: 4f35f7cbe854078d1ac9338744f61a02 -> 
  custom:container-demuxer-ogg: 62fdf1f143b41e24485cea50d1cbac27 -> 
  custom:video-encoder-webm-vp8: eb34c28f22e8b96e1ab97ce403110664 -> 
  custom:video-decoder-webm-vp8: 9c59270c3fd7afecdb556c50c9e8de78 -> 
  custom:audio-decoder-ogg-vorbis: bf7c407c2cedff20999df2af8eb42d56 -> 
  custom:audio-encoder-webm-vorbis: bf7c407c2cedff20999df2af8eb42d56 -> 
========================================================================
Received Import Request.
  Time since last request: 482.298969 seconds.
  path: Assets/Scipt/Mortar.cs
  artifactKey: Guid(def2857c9c1b3764a8d31d2445487e92) Importer(815301076,1909f56bfc062723c751e8b465ee728b)
Start importing Assets/Scipt/Mortar.cs using Guid(def2857c9c1b3764a8d31d2445487e92) Importer(815301076,1909f56bfc062723c751e8b465ee728b)  -> (artifact id: 'fffa3a2e083c2a970fbc2ac3bedc3411') in 0.133480 seconds 
  Import took 0.167046 seconds .

========================================================================
Received Import Request.
  Time since last request: 24.824501 seconds.
  path: Assets/Prefab/Mortar.prefab
  artifactKey: Guid(b512b8738747a774e8f0ee9e98644be1) Importer(815301076,1909f56bfc062723c751e8b465ee728b)
Start importing Assets/Prefab/Mortar.prefab using Guid(b512b8738747a774e8f0ee9e98644be1) Importer(815301076,1909f56bfc062723c751e8b465ee728b)  -> (artifact id: 'f0b262659c07745da97b32191c9e7d53') in 0.107829 seconds 
  Import took 0.141668 seconds .

========================================================================
Received Import Request.
  Time since last request: 14.560491 seconds.
  path: Assets/Prefab/Mortar.prefab
  artifactKey: Guid(b512b8738747a774e8f0ee9e98644be1) Importer(815301076,1909f56bfc062723c751e8b465ee728b)
Start importing Assets/Prefab/Mortar.prefab using Guid(b512b8738747a774e8f0ee9e98644be1) Importer(815301076,1909f56bfc062723c751e8b465ee728b)  -> (artifact id: 'c9261c809b3fec25ba4f047e34168d71') in 0.032267 seconds 
  Import took 0.038958 seconds .

========================================================================
Received Import Request.
  Time since last request: 7.882406 seconds.
  path: Assets/Prefab/Mortar.prefab
  artifactKey: Guid(b512b8738747a774e8f0ee9e98644be1) Importer(815301076,1909f56bfc062723c751e8b465ee728b)
Start importing Assets/Prefab/Mortar.prefab using Guid(b512b8738747a774e8f0ee9e98644be1) Importer(815301076,1909f56bfc062723c751e8b465ee728b)  -> (artifact id: '8baef34840e6c8567ceb6de44ceb3402') in 0.047653 seconds 
  Import took 0.087262 seconds .

========================================================================
Received Prepare
Registering precompiled user dll's ...
Registered in 0.005765 seconds.
Begin MonoManager ReloadAssembly
Native extension for WindowsStandalone target not found
Refreshing native plugins compatible for Editor in 0.43 ms, found 2 plugins.
Preloading 0 native plugins for Editor in 0.00 ms.
Mono: successfully reloaded assembly
- Completed reload, in  1.533 seconds
Domain Reload Profiling:
	ReloadAssembly (1534ms)
		BeginReloadAssembly (128ms)
			ExecutionOrderSort (0ms)
			DisableScriptedObjects (10ms)
			BackupInstance (0ms)
			ReleaseScriptingObjects (0ms)
			CreateAndSetChildDomain (31ms)
		EndReloadAssembly (1348ms)
			LoadAssemblies (95ms)
			RebuildTransferFunctionScriptingTraits (0ms)
			SetupTypeCache (267ms)
			ReleaseScriptCaches (1ms)
			RebuildScriptCaches (39ms)
			SetupLoadedEditorAssemblies (874ms)
				LogAssemblyErrors (0ms)
				InitializePlatformSupportModulesInManaged (6ms)
				SetLoadedEditorAssemblies (0ms)
				RefreshPlugins (1ms)
				BeforeProcessingInitializeOnLoad (77ms)
				ProcessInitializeOnLoadAttributes (780ms)
				ProcessInitializeOnLoadMethodAttributes (4ms)
				AfterProcessingInitializeOnLoad (6ms)
				EditorAssembliesLoaded (0ms)
			ExecutionOrderSort2 (0ms)
			AwakeInstancesAfterBackupRestoration (7ms)
Platform modules already initialized, skipping
Refreshing native plugins compatible for Editor in 0.55 ms, found 2 plugins.
Preloading 0 native plugins for Editor in 0.00 ms.
Unloading 1445 Unused Serialized files (Serialized files now loaded: 0)
System memory in use before: 105.0 MB.
System memory in use after: 105.1 MB.

Unloading 13 unused Assets to reduce memory usage. Loaded Objects now: 1978.
Total: 2.481500 ms (FindLiveObjects: 0.143800 ms CreateObjectMapping: 0.043900 ms MarkObjects: 2.263300 ms  DeleteObjects: 0.028500 ms)

AssetImportParameters requested are different than current active one (requested -> active):
  custom:framework-win-MediaFoundation: 216162199b28c13a410421893ffa2e32 -> 
  custom:video-decoder-ogg-theora: a1e56fd34408186e4bbccfd4996cb3dc -> 
  custom:container-muxer-webm: aa71ff27fc2769a1b78a27578f13a17b -> 
  custom:container-demuxer-webm: 4f35f7cbe854078d1ac9338744f61a02 -> 
  custom:container-demuxer-ogg: 62fdf1f143b41e24485cea50d1cbac27 -> 
  custom:video-encoder-webm-vp8: eb34c28f22e8b96e1ab97ce403110664 -> 
  custom:video-decoder-webm-vp8: 9c59270c3fd7afecdb556c50c9e8de78 -> 
  custom:audio-decoder-ogg-vorbis: bf7c407c2cedff20999df2af8eb42d56 -> 
  custom:audio-encoder-webm-vorbis: bf7c407c2cedff20999df2af8eb42d56 -> 
========================================================================
Received Import Request.
  Time since last request: 86.445206 seconds.
  path: Assets/Prefab/Ammo.prefab
  artifactKey: Guid(62ce99fc3d982f24aa1b71ce300d09c8) Importer(815301076,1909f56bfc062723c751e8b465ee728b)
Start importing Assets/Prefab/Ammo.prefab using Guid(62ce99fc3d982f24aa1b71ce300d09c8) Importer(815301076,1909f56bfc062723c751e8b465ee728b)  -> (artifact id: '28859801b4360cac2170fa22bc67a22c') in 0.072744 seconds 
  Import took 0.077457 seconds .

========================================================================
Received Import Request.
  Time since last request: 1.210177 seconds.
  path: Assets/Prefab/Ammo.prefab
  artifactKey: Guid(62ce99fc3d982f24aa1b71ce300d09c8) Importer(815301076,1909f56bfc062723c751e8b465ee728b)
Start importing Assets/Prefab/Ammo.prefab using Guid(62ce99fc3d982f24aa1b71ce300d09c8) Importer(815301076,1909f56bfc062723c751e8b465ee728b)  -> (artifact id: '46f5c5a2de146d684f6966b856fa1b82') in 0.033489 seconds 
  Import took 0.095993 seconds .

========================================================================
Received Prepare
Registering precompiled user dll's ...
Registered in 0.003912 seconds.
Begin MonoManager ReloadAssembly
Native extension for WindowsStandalone target not found
Refreshing native plugins compatible for Editor in 0.38 ms, found 2 plugins.
Preloading 0 native plugins for Editor in 0.00 ms.
Mono: successfully reloaded assembly
- Completed reload, in  1.109 seconds
Domain Reload Profiling:
	ReloadAssembly (1110ms)
		BeginReloadAssembly (108ms)
			ExecutionOrderSort (0ms)
			DisableScriptedObjects (3ms)
			BackupInstance (0ms)
			ReleaseScriptingObjects (0ms)
			CreateAndSetChildDomain (29ms)
		EndReloadAssembly (944ms)
			LoadAssemblies (89ms)
			RebuildTransferFunctionScriptingTraits (0ms)
			SetupTypeCache (279ms)
			ReleaseScriptCaches (1ms)
			RebuildScriptCaches (58ms)
			SetupLoadedEditorAssemblies (416ms)
				LogAssemblyErrors (0ms)
				InitializePlatformSupportModulesInManaged (5ms)
				SetLoadedEditorAssemblies (0ms)
				RefreshPlugins (0ms)
				BeforeProcessingInitializeOnLoad (86ms)
				ProcessInitializeOnLoadAttributes (315ms)
				ProcessInitializeOnLoadMethodAttributes (4ms)
				AfterProcessingInitializeOnLoad (5ms)
				EditorAssembliesLoaded (0ms)
			ExecutionOrderSort2 (0ms)
			AwakeInstancesAfterBackupRestoration (8ms)
Platform modules already initialized, skipping
Refreshing native plugins compatible for Editor in 0.38 ms, found 2 plugins.
Preloading 0 native plugins for Editor in 0.00 ms.
Unloading 1445 Unused Serialized files (Serialized files now loaded: 0)
System memory in use before: 105.1 MB.
System memory in use after: 105.2 MB.

Unloading 13 unused Assets to reduce memory usage. Loaded Objects now: 1982.
Total: 2.965600 ms (FindLiveObjects: 0.307900 ms CreateObjectMapping: 0.105500 ms MarkObjects: 2.523700 ms  DeleteObjects: 0.026600 ms)

AssetImportParameters requested are different than current active one (requested -> active):
  custom:framework-win-MediaFoundation: 216162199b28c13a410421893ffa2e32 -> 
  custom:video-decoder-ogg-theora: a1e56fd34408186e4bbccfd4996cb3dc -> 
  custom:container-muxer-webm: aa71ff27fc2769a1b78a27578f13a17b -> 
  custom:container-demuxer-webm: 4f35f7cbe854078d1ac9338744f61a02 -> 
  custom:container-demuxer-ogg: 62fdf1f143b41e24485cea50d1cbac27 -> 
  custom:video-encoder-webm-vp8: eb34c28f22e8b96e1ab97ce403110664 -> 
  custom:video-decoder-webm-vp8: 9c59270c3fd7afecdb556c50c9e8de78 -> 
  custom:audio-decoder-ogg-vorbis: bf7c407c2cedff20999df2af8eb42d56 -> 
  custom:audio-encoder-webm-vorbis: bf7c407c2cedff20999df2af8eb42d56 -> 
========================================================================
Received Import Request.
  Time since last request: 23.220089 seconds.
  path: Assets/Prefab/Ammo.prefab
  artifactKey: Guid(62ce99fc3d982f24aa1b71ce300d09c8) Importer(815301076,1909f56bfc062723c751e8b465ee728b)
Start importing Assets/Prefab/Ammo.prefab using Guid(62ce99fc3d982f24aa1b71ce300d09c8) Importer(815301076,1909f56bfc062723c751e8b465ee728b)  -> (artifact id: 'd21e2444a3f4dc055d8052479f1e3fb5') in 0.080433 seconds 
  Import took 0.108386 seconds .

========================================================================
Received Import Request.
  Time since last request: 2.794916 seconds.
  path: Assets/Prefab/Ammo.prefab
  artifactKey: Guid(62ce99fc3d982f24aa1b71ce300d09c8) Importer(815301076,1909f56bfc062723c751e8b465ee728b)
Start importing Assets/Prefab/Ammo.prefab using Guid(62ce99fc3d982f24aa1b71ce300d09c8) Importer(815301076,1909f56bfc062723c751e8b465ee728b)  -> (artifact id: 'c61229759cb21da08521a023246ac216') in 0.016156 seconds 
  Import took 0.019375 seconds .

========================================================================
Received Import Request.
  Time since last request: 2.390139 seconds.
  path: Assets/Prefab/Ammo.prefab
  artifactKey: Guid(62ce99fc3d982f24aa1b71ce300d09c8) Importer(815301076,1909f56bfc062723c751e8b465ee728b)
Start importing Assets/Prefab/Ammo.prefab using Guid(62ce99fc3d982f24aa1b71ce300d09c8) Importer(815301076,1909f56bfc062723c751e8b465ee728b)  -> (artifact id: '1aa8ca54e5de4c4d94a635fa7b0daa99') in 0.019955 seconds 
  Import took 0.024625 seconds .

========================================================================
Received Import Request.
  Time since last request: 0.570733 seconds.
  path: Assets/Prefab/Ammo.prefab
  artifactKey: Guid(62ce99fc3d982f24aa1b71ce300d09c8) Importer(815301076,1909f56bfc062723c751e8b465ee728b)
Start importing Assets/Prefab/Ammo.prefab using Guid(62ce99fc3d982f24aa1b71ce300d09c8) Importer(815301076,1909f56bfc062723c751e8b465ee728b)  -> (artifact id: 'b47f9fa072564f83672472058944e531') in 0.021818 seconds 
  Import took 0.235608 seconds .

========================================================================
Received Import Request.
  Time since last request: 1.987532 seconds.
  path: Assets/Prefab/Ammo.prefab
  artifactKey: Guid(62ce99fc3d982f24aa1b71ce300d09c8) Importer(815301076,1909f56bfc062723c751e8b465ee728b)
Start importing Assets/Prefab/Ammo.prefab using Guid(62ce99fc3d982f24aa1b71ce300d09c8) Importer(815301076,1909f56bfc062723c751e8b465ee728b)  -> (artifact id: 'dd764f2c1d086ce541c90bdd7b3a915d') in 0.031728 seconds 
  Import took 0.035264 seconds .

========================================================================
Received Prepare
Registering precompiled user dll's ...
Registered in 0.015973 seconds.
Begin MonoManager ReloadAssembly
Native extension for WindowsStandalone target not found
Refreshing native plugins compatible for Editor in 0.54 ms, found 2 plugins.
Preloading 0 native plugins for Editor in 0.00 ms.
Mono: successfully reloaded assembly
- Completed reload, in  1.210 seconds
Domain Reload Profiling:
	ReloadAssembly (1211ms)
		BeginReloadAssembly (105ms)
			ExecutionOrderSort (0ms)
			DisableScriptedObjects (6ms)
			BackupInstance (0ms)
			ReleaseScriptingObjects (0ms)
			CreateAndSetChildDomain (31ms)
		EndReloadAssembly (1036ms)
			LoadAssemblies (90ms)
			RebuildTransferFunctionScriptingTraits (0ms)
			SetupTypeCache (286ms)
			ReleaseScriptCaches (1ms)
			RebuildScriptCaches (34ms)
			SetupLoadedEditorAssemblies (543ms)
				LogAssemblyErrors (0ms)
				InitializePlatformSupportModulesInManaged (5ms)
				SetLoadedEditorAssemblies (1ms)
				RefreshPlugins (1ms)
				BeforeProcessingInitializeOnLoad (78ms)
				ProcessInitializeOnLoadAttributes (447ms)
				ProcessInitializeOnLoadMethodAttributes (4ms)
				AfterProcessingInitializeOnLoad (6ms)
				EditorAssembliesLoaded (0ms)
			ExecutionOrderSort2 (0ms)
			AwakeInstancesAfterBackupRestoration (6ms)
Platform modules already initialized, skipping
Refreshing native plugins compatible for Editor in 0.37 ms, found 2 plugins.
Preloading 0 native plugins for Editor in 0.00 ms.
Unloading 1445 Unused Serialized files (Serialized files now loaded: 0)
System memory in use before: 105.1 MB.
System memory in use after: 105.2 MB.

Unloading 13 unused Assets to reduce memory usage. Loaded Objects now: 1986.
Total: 2.023000 ms (FindLiveObjects: 0.140700 ms CreateObjectMapping: 0.051100 ms MarkObjects: 1.809500 ms  DeleteObjects: 0.019900 ms)

AssetImportParameters requested are different than current active one (requested -> active):
  custom:framework-win-MediaFoundation: 216162199b28c13a410421893ffa2e32 -> 
  custom:video-decoder-ogg-theora: a1e56fd34408186e4bbccfd4996cb3dc -> 
  custom:container-muxer-webm: aa71ff27fc2769a1b78a27578f13a17b -> 
  custom:container-demuxer-webm: 4f35f7cbe854078d1ac9338744f61a02 -> 
  custom:container-demuxer-ogg: 62fdf1f143b41e24485cea50d1cbac27 -> 
  custom:video-encoder-webm-vp8: eb34c28f22e8b96e1ab97ce403110664 -> 
  custom:video-decoder-webm-vp8: 9c59270c3fd7afecdb556c50c9e8de78 -> 
  custom:audio-decoder-ogg-vorbis: bf7c407c2cedff20999df2af8eb42d56 -> 
  custom:audio-encoder-webm-vorbis: bf7c407c2cedff20999df2af8eb42d56 -> 
========================================================================
Received Import Request.
  Time since last request: 31.701622 seconds.
  path: Assets/Prefab/Ammo.prefab
  artifactKey: Guid(62ce99fc3d982f24aa1b71ce300d09c8) Importer(815301076,1909f56bfc062723c751e8b465ee728b)
Start importing Assets/Prefab/Ammo.prefab using Guid(62ce99fc3d982f24aa1b71ce300d09c8) Importer(815301076,1909f56bfc062723c751e8b465ee728b)  -> (artifact id: '37dbc9a7cdffa26eafd92e44a5785d71') in 0.056077 seconds 
  Import took 0.059956 seconds .

========================================================================
Received Prepare
Registering precompiled user dll's ...
Registered in 0.003575 seconds.
Begin MonoManager ReloadAssembly
Native extension for WindowsStandalone target not found
Refreshing native plugins compatible for Editor in 0.38 ms, found 2 plugins.
Preloading 0 native plugins for Editor in 0.00 ms.
Mono: successfully reloaded assembly
- Completed reload, in  1.034 seconds
Domain Reload Profiling:
	ReloadAssembly (1034ms)
		BeginReloadAssembly (104ms)
			ExecutionOrderSort (0ms)
			DisableScriptedObjects (4ms)
			BackupInstance (0ms)
			ReleaseScriptingObjects (0ms)
			CreateAndSetChildDomain (31ms)
		EndReloadAssembly (873ms)
			LoadAssemblies (81ms)
			RebuildTransferFunctionScriptingTraits (0ms)
			SetupTypeCache (244ms)
			ReleaseScriptCaches (1ms)
			RebuildScriptCaches (33ms)
			SetupLoadedEditorAssemblies (426ms)
				LogAssemblyErrors (0ms)
				InitializePlatformSupportModulesInManaged (5ms)
				SetLoadedEditorAssemblies (0ms)
				RefreshPlugins (0ms)
				BeforeProcessingInitializeOnLoad (78ms)
				ProcessInitializeOnLoadAttributes (333ms)
				ProcessInitializeOnLoadMethodAttributes (4ms)
				AfterProcessingInitializeOnLoad (5ms)
				EditorAssembliesLoaded (0ms)
			ExecutionOrderSort2 (0ms)
			AwakeInstancesAfterBackupRestoration (7ms)
Platform modules already initialized, skipping
Refreshing native plugins compatible for Editor in 0.38 ms, found 2 plugins.
Preloading 0 native plugins for Editor in 0.00 ms.
Unloading 1445 Unused Serialized files (Serialized files now loaded: 0)
System memory in use before: 105.1 MB.
System memory in use after: 105.2 MB.

Unloading 13 unused Assets to reduce memory usage. Loaded Objects now: 1990.
Total: 2.604500 ms (FindLiveObjects: 0.241000 ms CreateObjectMapping: 0.084000 ms MarkObjects: 2.256800 ms  DeleteObjects: 0.020700 ms)

AssetImportParameters requested are different than current active one (requested -> active):
  custom:framework-win-MediaFoundation: 216162199b28c13a410421893ffa2e32 -> 
  custom:video-decoder-ogg-theora: a1e56fd34408186e4bbccfd4996cb3dc -> 
  custom:container-muxer-webm: aa71ff27fc2769a1b78a27578f13a17b -> 
  custom:container-demuxer-webm: 4f35f7cbe854078d1ac9338744f61a02 -> 
  custom:container-demuxer-ogg: 62fdf1f143b41e24485cea50d1cbac27 -> 
  custom:video-encoder-webm-vp8: eb34c28f22e8b96e1ab97ce403110664 -> 
  custom:video-decoder-webm-vp8: 9c59270c3fd7afecdb556c50c9e8de78 -> 
  custom:audio-decoder-ogg-vorbis: bf7c407c2cedff20999df2af8eb42d56 -> 
  custom:audio-encoder-webm-vorbis: bf7c407c2cedff20999df2af8eb42d56 -> 
========================================================================
Received Import Request.
  Time since last request: 130.105364 seconds.
  path: Assets/Prefab/Mortar.prefab
  artifactKey: Guid(b512b8738747a774e8f0ee9e98644be1) Importer(815301076,1909f56bfc062723c751e8b465ee728b)
Start importing Assets/Prefab/Mortar.prefab using Guid(b512b8738747a774e8f0ee9e98644be1) Importer(815301076,1909f56bfc062723c751e8b465ee728b)  -> (artifact id: '257a18decd90b1dc3ecd53b1095c8069') in 0.067513 seconds 
  Import took 0.070204 seconds .

========================================================================
Received Import Request.
  Time since last request: 1.340445 seconds.
  path: Assets/Prefab/Mortar.prefab
  artifactKey: Guid(b512b8738747a774e8f0ee9e98644be1) Importer(815301076,1909f56bfc062723c751e8b465ee728b)
Start importing Assets/Prefab/Mortar.prefab using Guid(b512b8738747a774e8f0ee9e98644be1) Importer(815301076,1909f56bfc062723c751e8b465ee728b)  -> (artifact id: 'ed29dbf93e014ab91b6309d8ef928fa3') in 0.031689 seconds 
  Import took 0.036197 seconds .

========================================================================
Received Import Request.
  Time since last request: 2.761279 seconds.
  path: Assets/Prefab/Mortar.prefab
  artifactKey: Guid(b512b8738747a774e8f0ee9e98644be1) Importer(815301076,1909f56bfc062723c751e8b465ee728b)
Start importing Assets/Prefab/Mortar.prefab using Guid(b512b8738747a774e8f0ee9e98644be1) Importer(815301076,1909f56bfc062723c751e8b465ee728b)  -> (artifact id: '7a68d677dafc42bc974cef09f1422f62') in 0.029722 seconds 
  Import took 0.038409 seconds .

========================================================================
Received Prepare
Registering precompiled user dll's ...
Registered in 0.671586 seconds.
Begin MonoManager ReloadAssembly
Native extension for WindowsStandalone target not found
Refreshing native plugins compatible for Editor in 0.39 ms, found 2 plugins.
Preloading 0 native plugins for Editor in 0.00 ms.
Mono: successfully reloaded assembly
- Completed reload, in  3.313 seconds
Domain Reload Profiling:
	ReloadAssembly (3314ms)
		BeginReloadAssembly (106ms)
			ExecutionOrderSort (0ms)
			DisableScriptedObjects (4ms)
			BackupInstance (0ms)
			ReleaseScriptingObjects (0ms)
			CreateAndSetChildDomain (32ms)
		EndReloadAssembly (3151ms)
			LoadAssemblies (1978ms)
			RebuildTransferFunctionScriptingTraits (0ms)
			SetupTypeCache (244ms)
			ReleaseScriptCaches (1ms)
			RebuildScriptCaches (36ms)
			SetupLoadedEditorAssemblies (801ms)
				LogAssemblyErrors (0ms)
				InitializePlatformSupportModulesInManaged (5ms)
				SetLoadedEditorAssemblies (0ms)
				RefreshPlugins (0ms)
				BeforeProcessingInitializeOnLoad (79ms)
				ProcessInitializeOnLoadAttributes (707ms)
				ProcessInitializeOnLoadMethodAttributes (4ms)
				AfterProcessingInitializeOnLoad (5ms)
				EditorAssembliesLoaded (0ms)
			ExecutionOrderSort2 (0ms)
			AwakeInstancesAfterBackupRestoration (8ms)
Platform modules already initialized, skipping
Refreshing native plugins compatible for Editor in 0.39 ms, found 2 plugins.
Preloading 0 native plugins for Editor in 0.00 ms.
Unloading 1445 Unused Serialized files (Serialized files now loaded: 0)
System memory in use before: 105.1 MB.
System memory in use after: 105.2 MB.

Unloading 13 unused Assets to reduce memory usage. Loaded Objects now: 1994.
Total: 3.276800 ms (FindLiveObjects: 0.151300 ms CreateObjectMapping: 0.048800 ms MarkObjects: 3.045400 ms  DeleteObjects: 0.029200 ms)

AssetImportParameters requested are different than current active one (requested -> active):
  custom:framework-win-MediaFoundation: 216162199b28c13a410421893ffa2e32 -> 
  custom:video-decoder-ogg-theora: a1e56fd34408186e4bbccfd4996cb3dc -> 
  custom:container-muxer-webm: aa71ff27fc2769a1b78a27578f13a17b -> 
  custom:container-demuxer-webm: 4f35f7cbe854078d1ac9338744f61a02 -> 
  custom:container-demuxer-ogg: 62fdf1f143b41e24485cea50d1cbac27 -> 
  custom:video-encoder-webm-vp8: eb34c28f22e8b96e1ab97ce403110664 -> 
  custom:video-decoder-webm-vp8: 9c59270c3fd7afecdb556c50c9e8de78 -> 
  custom:audio-decoder-ogg-vorbis: bf7c407c2cedff20999df2af8eb42d56 -> 
  custom:audio-encoder-webm-vorbis: bf7c407c2cedff20999df2af8eb42d56 -> 
========================================================================
Received Prepare
Registering precompiled user dll's ...
Registered in 0.534774 seconds.
Begin MonoManager ReloadAssembly
Native extension for WindowsStandalone target not found
Refreshing native plugins compatible for Editor in 0.47 ms, found 2 plugins.
Preloading 0 native plugins for Editor in 0.00 ms.
Mono: successfully reloaded assembly
- Completed reload, in  2.185 seconds
Domain Reload Profiling:
	ReloadAssembly (2186ms)
		BeginReloadAssembly (131ms)
			ExecutionOrderSort (0ms)
			DisableScriptedObjects (7ms)
			BackupInstance (0ms)
			ReleaseScriptingObjects (0ms)
			CreateAndSetChildDomain (41ms)
		EndReloadAssembly (1989ms)
			LoadAssemblies (96ms)
			RebuildTransferFunctionScriptingTraits (0ms)
			SetupTypeCache (267ms)
			ReleaseScriptCaches (1ms)
			RebuildScriptCaches (36ms)
			SetupLoadedEditorAssemblies (1505ms)
				LogAssemblyErrors (0ms)
				InitializePlatformSupportModulesInManaged (5ms)
				SetLoadedEditorAssemblies (0ms)
				RefreshPlugins (1ms)
				BeforeProcessingInitializeOnLoad (83ms)
				ProcessInitializeOnLoadAttributes (1407ms)
				ProcessInitializeOnLoadMethodAttributes (4ms)
				AfterProcessingInitializeOnLoad (5ms)
				EditorAssembliesLoaded (0ms)
			ExecutionOrderSort2 (0ms)
			AwakeInstancesAfterBackupRestoration (6ms)
Platform modules already initialized, skipping
Refreshing native plugins compatible for Editor in 0.39 ms, found 2 plugins.
Preloading 0 native plugins for Editor in 0.00 ms.
Unloading 1445 Unused Serialized files (Serialized files now loaded: 0)
System memory in use before: 105.1 MB.
System memory in use after: 105.2 MB.

Unloading 13 unused Assets to reduce memory usage. Loaded Objects now: 1997.
Total: 2.837900 ms (FindLiveObjects: 0.241000 ms CreateObjectMapping: 0.095700 ms MarkObjects: 2.474800 ms  DeleteObjects: 0.023800 ms)

AssetImportParameters requested are different than current active one (requested -> active):
  custom:framework-win-MediaFoundation: 216162199b28c13a410421893ffa2e32 -> 
  custom:video-decoder-ogg-theora: a1e56fd34408186e4bbccfd4996cb3dc -> 
  custom:container-muxer-webm: aa71ff27fc2769a1b78a27578f13a17b -> 
  custom:container-demuxer-webm: 4f35f7cbe854078d1ac9338744f61a02 -> 
  custom:container-demuxer-ogg: 62fdf1f143b41e24485cea50d1cbac27 -> 
  custom:video-encoder-webm-vp8: eb34c28f22e8b96e1ab97ce403110664 -> 
  custom:video-decoder-webm-vp8: 9c59270c3fd7afecdb556c50c9e8de78 -> 
  custom:audio-decoder-ogg-vorbis: bf7c407c2cedff20999df2af8eb42d56 -> 
  custom:audio-encoder-webm-vorbis: bf7c407c2cedff20999df2af8eb42d56 -> 
========================================================================
Received Prepare
Registering precompiled user dll's ...
Registered in 0.003090 seconds.
Begin MonoManager ReloadAssembly
Native extension for WindowsStandalone target not found
Refreshing native plugins compatible for Editor in 0.52 ms, found 2 plugins.
Preloading 0 native plugins for Editor in 0.00 ms.
Mono: successfully reloaded assembly
- Completed reload, in  1.357 seconds
Domain Reload Profiling:
	ReloadAssembly (1357ms)
		BeginReloadAssembly (146ms)
			ExecutionOrderSort (0ms)
			DisableScriptedObjects (4ms)
			BackupInstance (0ms)
			ReleaseScriptingObjects (0ms)
			CreateAndSetChildDomain (32ms)
		EndReloadAssembly (1143ms)
			LoadAssemblies (147ms)
			RebuildTransferFunctionScriptingTraits (0ms)
			SetupTypeCache (279ms)
			ReleaseScriptCaches (1ms)
			RebuildScriptCaches (42ms)
			SetupLoadedEditorAssemblies (593ms)
				LogAssemblyErrors (0ms)
				InitializePlatformSupportModulesInManaged (6ms)
				SetLoadedEditorAssemblies (1ms)
				RefreshPlugins (1ms)
				BeforeProcessingInitializeOnLoad (88ms)
				ProcessInitializeOnLoadAttributes (485ms)
				ProcessInitializeOnLoadMethodAttributes (5ms)
				AfterProcessingInitializeOnLoad (7ms)
				EditorAssembliesLoaded (0ms)
			ExecutionOrderSort2 (0ms)
			AwakeInstancesAfterBackupRestoration (7ms)
Platform modules already initialized, skipping
Refreshing native plugins compatible for Editor in 0.40 ms, found 2 plugins.
Preloading 0 native plugins for Editor in 0.00 ms.
Unloading 1445 Unused Serialized files (Serialized files now loaded: 0)
System memory in use before: 105.1 MB.
System memory in use after: 105.2 MB.

Unloading 13 unused Assets to reduce memory usage. Loaded Objects now: 2000.
Total: 2.882700 ms (FindLiveObjects: 0.307200 ms CreateObjectMapping: 0.147500 ms MarkObjects: 2.401800 ms  DeleteObjects: 0.024100 ms)

AssetImportParameters requested are different than current active one (requested -> active):
  custom:framework-win-MediaFoundation: 216162199b28c13a410421893ffa2e32 -> 
  custom:video-decoder-ogg-theora: a1e56fd34408186e4bbccfd4996cb3dc -> 
  custom:container-muxer-webm: aa71ff27fc2769a1b78a27578f13a17b -> 
  custom:container-demuxer-webm: 4f35f7cbe854078d1ac9338744f61a02 -> 
  custom:container-demuxer-ogg: 62fdf1f143b41e24485cea50d1cbac27 -> 
  custom:video-encoder-webm-vp8: eb34c28f22e8b96e1ab97ce403110664 -> 
  custom:video-decoder-webm-vp8: 9c59270c3fd7afecdb556c50c9e8de78 -> 
  custom:audio-decoder-ogg-vorbis: bf7c407c2cedff20999df2af8eb42d56 -> 
  custom:audio-encoder-webm-vorbis: bf7c407c2cedff20999df2af8eb42d56 -> 
========================================================================
Received Prepare
Registering precompiled user dll's ...
Registered in 0.002997 seconds.
Begin MonoManager ReloadAssembly
Native extension for WindowsStandalone target not found
Refreshing native plugins compatible for Editor in 0.39 ms, found 2 plugins.
Preloading 0 native plugins for Editor in 0.00 ms.
Mono: successfully reloaded assembly
- Completed reload, in  1.289 seconds
Domain Reload Profiling:
	ReloadAssembly (1290ms)
		BeginReloadAssembly (139ms)
			ExecutionOrderSort (0ms)
			DisableScriptedObjects (5ms)
			BackupInstance (0ms)
			ReleaseScriptingObjects (0ms)
			CreateAndSetChildDomain (35ms)
		EndReloadAssembly (1067ms)
			LoadAssemblies (118ms)
			RebuildTransferFunctionScriptingTraits (0ms)
			SetupTypeCache (328ms)
			ReleaseScriptCaches (1ms)
			RebuildScriptCaches (38ms)
			SetupLoadedEditorAssemblies (516ms)
				LogAssemblyErrors (0ms)
				InitializePlatformSupportModulesInManaged (5ms)
				SetLoadedEditorAssemblies (0ms)
				RefreshPlugins (0ms)
				BeforeProcessingInitializeOnLoad (78ms)
				ProcessInitializeOnLoadAttributes (421ms)
				ProcessInitializeOnLoadMethodAttributes (5ms)
				AfterProcessingInitializeOnLoad (6ms)
				EditorAssembliesLoaded (0ms)
			ExecutionOrderSort2 (0ms)
			AwakeInstancesAfterBackupRestoration (6ms)
Platform modules already initialized, skipping
Refreshing native plugins compatible for Editor in 0.37 ms, found 2 plugins.
Preloading 0 native plugins for Editor in 0.00 ms.
Unloading 1445 Unused Serialized files (Serialized files now loaded: 0)
System memory in use before: 105.1 MB.
System memory in use after: 105.3 MB.

Unloading 13 unused Assets to reduce memory usage. Loaded Objects now: 2003.
Total: 2.016200 ms (FindLiveObjects: 0.144800 ms CreateObjectMapping: 0.041400 ms MarkObjects: 1.808400 ms  DeleteObjects: 0.019800 ms)

AssetImportParameters requested are different than current active one (requested -> active):
  custom:framework-win-MediaFoundation: 216162199b28c13a410421893ffa2e32 -> 
  custom:video-decoder-ogg-theora: a1e56fd34408186e4bbccfd4996cb3dc -> 
  custom:container-muxer-webm: aa71ff27fc2769a1b78a27578f13a17b -> 
  custom:container-demuxer-webm: 4f35f7cbe854078d1ac9338744f61a02 -> 
  custom:container-demuxer-ogg: 62fdf1f143b41e24485cea50d1cbac27 -> 
  custom:video-encoder-webm-vp8: eb34c28f22e8b96e1ab97ce403110664 -> 
  custom:video-decoder-webm-vp8: 9c59270c3fd7afecdb556c50c9e8de78 -> 
  custom:audio-decoder-ogg-vorbis: bf7c407c2cedff20999df2af8eb42d56 -> 
  custom:audio-encoder-webm-vorbis: bf7c407c2cedff20999df2af8eb42d56 -> 
========================================================================
Received Import Request.
  Time since last request: 4996.236436 seconds.
  path: Assets/Scipt/Mortar.cs
  artifactKey: Guid(def2857c9c1b3764a8d31d2445487e92) Importer(815301076,1909f56bfc062723c751e8b465ee728b)
Start importing Assets/Scipt/Mortar.cs using Guid(def2857c9c1b3764a8d31d2445487e92) Importer(815301076,1909f56bfc062723c751e8b465ee728b)  -> (artifact id: 'df0e94c553ee05cb46afc8aa1d7694bd') in 0.021277 seconds 
  Import took 0.024188 seconds .

========================================================================
Received Prepare
Registering precompiled user dll's ...
Registered in 0.003040 seconds.
Begin MonoManager ReloadAssembly
Native extension for WindowsStandalone target not found
Refreshing native plugins compatible for Editor in 0.38 ms, found 2 plugins.
Preloading 0 native plugins for Editor in 0.00 ms.
Mono: successfully reloaded assembly
- Completed reload, in  1.597 seconds
Domain Reload Profiling:
	ReloadAssembly (1597ms)
		BeginReloadAssembly (211ms)
			ExecutionOrderSort (0ms)
			DisableScriptedObjects (7ms)
			BackupInstance (0ms)
			ReleaseScriptingObjects (0ms)
			CreateAndSetChildDomain (34ms)
		EndReloadAssembly (1320ms)
			LoadAssemblies (188ms)
			RebuildTransferFunctionScriptingTraits (0ms)
			SetupTypeCache (300ms)
			ReleaseScriptCaches (1ms)
			RebuildScriptCaches (49ms)
			SetupLoadedEditorAssemblies (777ms)
				LogAssemblyErrors (0ms)
				InitializePlatformSupportModulesInManaged (5ms)
				SetLoadedEditorAssemblies (1ms)
				RefreshPlugins (0ms)
				BeforeProcessingInitializeOnLoad (78ms)
				ProcessInitializeOnLoadAttributes (683ms)
				ProcessInitializeOnLoadMethodAttributes (4ms)
				AfterProcessingInitializeOnLoad (6ms)
				EditorAssembliesLoaded (0ms)
			ExecutionOrderSort2 (0ms)
			AwakeInstancesAfterBackupRestoration (7ms)
Platform modules already initialized, skipping
Refreshing native plugins compatible for Editor in 0.50 ms, found 2 plugins.
Preloading 0 native plugins for Editor in 0.00 ms.
Unloading 1445 Unused Serialized files (Serialized files now loaded: 0)
System memory in use before: 105.2 MB.
System memory in use after: 105.3 MB.

Unloading 13 unused Assets to reduce memory usage. Loaded Objects now: 2006.
Total: 1.886300 ms (FindLiveObjects: 0.147400 ms CreateObjectMapping: 0.046500 ms MarkObjects: 1.670600 ms  DeleteObjects: 0.020000 ms)

AssetImportParameters requested are different than current active one (requested -> active):
  custom:framework-win-MediaFoundation: 216162199b28c13a410421893ffa2e32 -> 
  custom:video-decoder-ogg-theora: a1e56fd34408186e4bbccfd4996cb3dc -> 
  custom:container-muxer-webm: aa71ff27fc2769a1b78a27578f13a17b -> 
  custom:container-demuxer-webm: 4f35f7cbe854078d1ac9338744f61a02 -> 
  custom:container-demuxer-ogg: 62fdf1f143b41e24485cea50d1cbac27 -> 
  custom:video-encoder-webm-vp8: eb34c28f22e8b96e1ab97ce403110664 -> 
  custom:video-decoder-webm-vp8: 9c59270c3fd7afecdb556c50c9e8de78 -> 
  custom:audio-decoder-ogg-vorbis: bf7c407c2cedff20999df2af8eb42d56 -> 
  custom:audio-encoder-webm-vorbis: bf7c407c2cedff20999df2af8eb42d56 -> 
========================================================================
Received Import Request.
  Time since last request: 46.888698 seconds.
  path: Assets/Scipt/Mortar.cs
  artifactKey: Guid(def2857c9c1b3764a8d31d2445487e92) Importer(815301076,1909f56bfc062723c751e8b465ee728b)
Start importing Assets/Scipt/Mortar.cs using Guid(def2857c9c1b3764a8d31d2445487e92) Importer(815301076,1909f56bfc062723c751e8b465ee728b)  -> (artifact id: '9468dc8a2b1ff76e76ae5e3e5b34c84f') in 0.004804 seconds 
  Import took 0.055569 seconds .

========================================================================
Received Prepare
Registering precompiled user dll's ...
Registered in 0.001988 seconds.
Begin MonoManager ReloadAssembly
Native extension for WindowsStandalone target not found
Refreshing native plugins compatible for Editor in 0.55 ms, found 2 plugins.
Preloading 0 native plugins for Editor in 0.00 ms.
Mono: successfully reloaded assembly
- Completed reload, in  1.404 seconds
Domain Reload Profiling:
	ReloadAssembly (1405ms)
		BeginReloadAssembly (253ms)
			ExecutionOrderSort (0ms)
			DisableScriptedObjects (6ms)
			BackupInstance (0ms)
			ReleaseScriptingObjects (0ms)
			CreateAndSetChildDomain (163ms)
		EndReloadAssembly (970ms)
			LoadAssemblies (95ms)
			RebuildTransferFunctionScriptingTraits (0ms)
			SetupTypeCache (329ms)
			ReleaseScriptCaches (1ms)
			RebuildScriptCaches (39ms)
			SetupLoadedEditorAssemblies (399ms)
				LogAssemblyErrors (0ms)
				InitializePlatformSupportModulesInManaged (5ms)
				SetLoadedEditorAssemblies (1ms)
				RefreshPlugins (1ms)
				BeforeProcessingInitializeOnLoad (79ms)
				ProcessInitializeOnLoadAttributes (303ms)
				ProcessInitializeOnLoadMethodAttributes (4ms)
				AfterProcessingInitializeOnLoad (6ms)
				EditorAssembliesLoaded (0ms)
			ExecutionOrderSort2 (0ms)
			AwakeInstancesAfterBackupRestoration (15ms)
Platform modules already initialized, skipping
Refreshing native plugins compatible for Editor in 0.40 ms, found 2 plugins.
Preloading 0 native plugins for Editor in 0.00 ms.
Unloading 1445 Unused Serialized files (Serialized files now loaded: 0)
System memory in use before: 105.2 MB.
System memory in use after: 105.3 MB.

Unloading 13 unused Assets to reduce memory usage. Loaded Objects now: 2009.
Total: 1.880900 ms (FindLiveObjects: 0.163000 ms CreateObjectMapping: 0.047600 ms MarkObjects: 1.648300 ms  DeleteObjects: 0.020500 ms)

AssetImportParameters requested are different than current active one (requested -> active):
  custom:framework-win-MediaFoundation: 216162199b28c13a410421893ffa2e32 -> 
  custom:video-decoder-ogg-theora: a1e56fd34408186e4bbccfd4996cb3dc -> 
  custom:container-muxer-webm: aa71ff27fc2769a1b78a27578f13a17b -> 
  custom:container-demuxer-webm: 4f35f7cbe854078d1ac9338744f61a02 -> 
  custom:container-demuxer-ogg: 62fdf1f143b41e24485cea50d1cbac27 -> 
  custom:video-encoder-webm-vp8: eb34c28f22e8b96e1ab97ce403110664 -> 
  custom:video-decoder-webm-vp8: 9c59270c3fd7afecdb556c50c9e8de78 -> 
  custom:audio-decoder-ogg-vorbis: bf7c407c2cedff20999df2af8eb42d56 -> 
  custom:audio-encoder-webm-vorbis: bf7c407c2cedff20999df2af8eb42d56 -> 
========================================================================
Received Prepare
Registering precompiled user dll's ...
Registered in 0.002915 seconds.
Begin MonoManager ReloadAssembly
Native extension for WindowsStandalone target not found
Refreshing native plugins compatible for Editor in 0.39 ms, found 2 plugins.
Preloading 0 native plugins for Editor in 0.00 ms.
Mono: successfully reloaded assembly
- Completed reload, in  1.189 seconds
Domain Reload Profiling:
	ReloadAssembly (1189ms)
		BeginReloadAssembly (135ms)
			ExecutionOrderSort (0ms)
			DisableScriptedObjects (5ms)
			BackupInstance (0ms)
			ReleaseScriptingObjects (0ms)
			CreateAndSetChildDomain (42ms)
		EndReloadAssembly (975ms)
			LoadAssemblies (101ms)
			RebuildTransferFunctionScriptingTraits (0ms)
			SetupTypeCache (333ms)
			ReleaseScriptCaches (1ms)
			RebuildScriptCaches (36ms)
			SetupLoadedEditorAssemblies (401ms)
				LogAssemblyErrors (0ms)
				InitializePlatformSupportModulesInManaged (6ms)
				SetLoadedEditorAssemblies (0ms)
				RefreshPlugins (0ms)
				BeforeProcessingInitializeOnLoad (80ms)
				ProcessInitializeOnLoadAttributes (301ms)
				ProcessInitializeOnLoadMethodAttributes (6ms)
				AfterProcessingInitializeOnLoad (6ms)
				EditorAssembliesLoaded (1ms)
			ExecutionOrderSort2 (0ms)
			AwakeInstancesAfterBackupRestoration (7ms)
Platform modules already initialized, skipping
Refreshing native plugins compatible for Editor in 0.39 ms, found 2 plugins.
Preloading 0 native plugins for Editor in 0.00 ms.
Unloading 1445 Unused Serialized files (Serialized files now loaded: 0)
System memory in use before: 105.2 MB.
System memory in use after: 105.3 MB.

Unloading 13 unused Assets to reduce memory usage. Loaded Objects now: 2012.
Total: 2.092400 ms (FindLiveObjects: 0.152500 ms CreateObjectMapping: 0.043400 ms MarkObjects: 1.873800 ms  DeleteObjects: 0.020900 ms)

AssetImportParameters requested are different than current active one (requested -> active):
  custom:framework-win-MediaFoundation: 216162199b28c13a410421893ffa2e32 -> 
  custom:video-decoder-ogg-theora: a1e56fd34408186e4bbccfd4996cb3dc -> 
  custom:container-muxer-webm: aa71ff27fc2769a1b78a27578f13a17b -> 
  custom:container-demuxer-webm: 4f35f7cbe854078d1ac9338744f61a02 -> 
  custom:container-demuxer-ogg: 62fdf1f143b41e24485cea50d1cbac27 -> 
  custom:video-encoder-webm-vp8: eb34c28f22e8b96e1ab97ce403110664 -> 
  custom:video-decoder-webm-vp8: 9c59270c3fd7afecdb556c50c9e8de78 -> 
  custom:audio-decoder-ogg-vorbis: bf7c407c2cedff20999df2af8eb42d56 -> 
  custom:audio-encoder-webm-vorbis: bf7c407c2cedff20999df2af8eb42d56 -> 
========================================================================
Received Import Request.
  Time since last request: 74.897175 seconds.
  path: Assets/Scipt/Mortar.cs
  artifactKey: Guid(def2857c9c1b3764a8d31d2445487e92) Importer(815301076,1909f56bfc062723c751e8b465ee728b)
Start importing Assets/Scipt/Mortar.cs using Guid(def2857c9c1b3764a8d31d2445487e92) Importer(815301076,1909f56bfc062723c751e8b465ee728b)  -> (artifact id: '93f4c21800160c67b41934789578e95d') in 0.012315 seconds 
  Import took 0.015306 seconds .

========================================================================
Received Import Request.
  Time since last request: 1.540854 seconds.
  path: Assets/Scipt/Mortar.cs
  artifactKey: Guid(def2857c9c1b3764a8d31d2445487e92) Importer(815301076,1909f56bfc062723c751e8b465ee728b)
Start importing Assets/Scipt/Mortar.cs using Guid(def2857c9c1b3764a8d31d2445487e92) Importer(815301076,1909f56bfc062723c751e8b465ee728b)  -> (artifact id: '93f4c21800160c67b41934789578e95d') in 0.003683 seconds 
  Import took 0.031430 seconds .

========================================================================
Received Import Request.
  Time since last request: 33.279240 seconds.
  path: Assets/Images/SmokeTexture.png
  artifactKey: Guid(1a6ee74d4198e70479eeb62b44da9cce) Importer(815301076,1909f56bfc062723c751e8b465ee728b)
Start importing Assets/Images/SmokeTexture.png using Guid(1a6ee74d4198e70479eeb62b44da9cce) Importer(815301076,1909f56bfc062723c751e8b465ee728b)  -> (artifact id: '6d059f8e4459dbcb3614a7548631360d') in 1.367210 seconds 
  Import took 1.411802 seconds .

========================================================================
Received Import Request.
  Time since last request: 1.643196 seconds.
  path: Assets/Material/SmokeMaterial.mat
  artifactKey: Guid(51bb0a0843b532749b75e536f3cceb42) Importer(815301076,1909f56bfc062723c751e8b465ee728b)
Start importing Assets/Material/SmokeMaterial.mat using Guid(51bb0a0843b532749b75e536f3cceb42) Importer(815301076,1909f56bfc062723c751e8b465ee728b)  -> (artifact id: 'a90a2a6f6c9172a6e5cac23e17580da4') in 0.175392 seconds 
  Import took 0.205181 seconds .

========================================================================
Received Prepare
Registering precompiled user dll's ...
Registered in 0.338354 seconds.
Begin MonoManager ReloadAssembly
Native extension for WindowsStandalone target not found
Refreshing native plugins compatible for Editor in 0.51 ms, found 2 plugins.
Preloading 0 native plugins for Editor in 0.00 ms.
Mono: successfully reloaded assembly
- Completed reload, in  1.572 seconds
Domain Reload Profiling:
	ReloadAssembly (1573ms)
		BeginReloadAssembly (195ms)
			ExecutionOrderSort (0ms)
			DisableScriptedObjects (7ms)
			BackupInstance (0ms)
			ReleaseScriptingObjects (0ms)
			CreateAndSetChildDomain (74ms)
		EndReloadAssembly (1283ms)
			LoadAssemblies (131ms)
			RebuildTransferFunctionScriptingTraits (0ms)
			SetupTypeCache (375ms)
			ReleaseScriptCaches (1ms)
			RebuildScriptCaches (52ms)
			SetupLoadedEditorAssemblies (611ms)
				LogAssemblyErrors (0ms)
				InitializePlatformSupportModulesInManaged (10ms)
				SetLoadedEditorAssemblies (1ms)
				RefreshPlugins (1ms)
				BeforeProcessingInitializeOnLoad (119ms)
				ProcessInitializeOnLoadAttributes (465ms)
				ProcessInitializeOnLoadMethodAttributes (8ms)
				AfterProcessingInitializeOnLoad (8ms)
				EditorAssembliesLoaded (0ms)
			ExecutionOrderSort2 (0ms)
			AwakeInstancesAfterBackupRestoration (11ms)
Platform modules already initialized, skipping
Refreshing native plugins compatible for Editor in 0.42 ms, found 2 plugins.
Preloading 0 native plugins for Editor in 0.00 ms.
Unloading 1445 Unused Serialized files (Serialized files now loaded: 0)
System memory in use before: 105.2 MB.
System memory in use after: 105.3 MB.

Unloading 13 unused Assets to reduce memory usage. Loaded Objects now: 2017.
Total: 2.486400 ms (FindLiveObjects: 0.320300 ms CreateObjectMapping: 0.077600 ms MarkObjects: 2.058100 ms  DeleteObjects: 0.027800 ms)

AssetImportParameters requested are different than current active one (requested -> active):
  custom:framework-win-MediaFoundation: 216162199b28c13a410421893ffa2e32 -> 
  custom:video-decoder-ogg-theora: a1e56fd34408186e4bbccfd4996cb3dc -> 
  custom:container-muxer-webm: aa71ff27fc2769a1b78a27578f13a17b -> 
  custom:container-demuxer-webm: 4f35f7cbe854078d1ac9338744f61a02 -> 
  custom:container-demuxer-ogg: 62fdf1f143b41e24485cea50d1cbac27 -> 
  custom:video-encoder-webm-vp8: eb34c28f22e8b96e1ab97ce403110664 -> 
  custom:video-decoder-webm-vp8: 9c59270c3fd7afecdb556c50c9e8de78 -> 
  custom:audio-decoder-ogg-vorbis: bf7c407c2cedff20999df2af8eb42d56 -> 
  custom:audio-encoder-webm-vorbis: bf7c407c2cedff20999df2af8eb42d56 -> 
